2012-08-22 21:38:26 [INFO] Forge Mod Loader version 2.2.91.173 for Minecraft 1.2.5 loading
2012-08-22 21:38:26 [FINE] No mod directory found, creating one: /Users/sulicny/Desktop/mods
2012-08-22 21:38:26 [FINE] No config directory found, creating one: /Users/sulicny/Desktop/config
2012-08-22 21:38:26 [FINE] Attempting to load mods contained in the minecraft jar file and associated classes
2012-08-22 21:38:26 [FINE] Minecraft is a file at /Users/sulicny/Desktop/Tekkit.jar, loading
2012-08-22 21:38:26 [FINE] Found a mod class net.minecraft.server.mod_MinecraftForge in file Tekkit.jar, attempting to load it
2012-08-22 21:38:26 [FINE] ModLoader BaseMod class net.minecraft.server.mod_MinecraftForge found, loading
2012-08-22 21:38:26 [FINE] ModLoader BaseMod class net.minecraft.server.mod_MinecraftForge loaded
2012-08-22 21:38:26 [FINE] Mod class net.minecraft.server.mod_MinecraftForge loaded successfully
2012-08-22 21:38:26 [FINE] Minecraft jar mods loaded successfully
2012-08-22 21:38:26 [INFO] Loading mods from /Users/sulicny/Desktop/mods
2012-08-22 21:38:26 [INFO] Forge Mod Loader has loaded 1 mods
2012-08-22 21:38:26 [FINE] Beginning mod pre-initialization
2012-08-22 21:38:26 [FINER] Pre-initializing /Users/sulicny/Desktop/Tekkit.jar
2012-08-22 21:38:26 [FINEST] Configuration for mod_MinecraftForge.DISABLE_DARK_ROOMS found values default: false, configured: false, interpreted: false
2012-08-22 21:38:26 [FINEST] Configuration for mod_MinecraftForge.SPAWNER_ALLOW_ON_INVERTED found values default: true, configured: true, interpreted: true
2012-08-22 21:38:26 [FINEST] Configuration for mod_MinecraftForge.NO_FORGE_KICK_MESSAGE found values default: This server requires you to have Minecraft Forge installed. http://MinecraftForge.net/, configured: This server requires you to have Minecraft Forge installed. http://MinecraftForge.net/, interpreted: This server requires you to have Minecraft Forge installed. http://MinecraftForge.net/
2012-08-22 21:38:26 [FINEST] Configuration for mod_MinecraftForge.SPAWNER_MAKE_MORE_RANDOM found values default: false, configured: false, interpreted: false
2012-08-22 21:38:26 [FINE] Configuration for mod_MinecraftForge written to mod_MinecraftForge.cfg
2012-08-22 21:38:26 [FINE] Mod pre-initialization complete
2012-08-22 21:38:26 [FINE] Verifying mod dependencies are satisfied
2012-08-22 21:38:26 [FINE] All dependencies are satisfied
2012-08-22 21:38:26 [FINE] Sorting mods into an ordered list
2012-08-22 21:38:26 [FINE] Sorted mod list:
2012-08-22 21:38:26 [FINE] 	mod_MinecraftForge: Tekkit.jar ()
2012-08-22 21:38:26 [FINE] Beginning mod initialization
2012-08-22 21:38:26 [FINER] Initializing mod_MinecraftForge
2012-08-22 21:38:26 [INFO] MinecraftForge v3.3.8.152 Initialized

2012-08-22 21:38:26 [FINE] Mod initialization complete
2012-08-22 21:38:26 [FINE] Beginning mod post-initialization
2012-08-22 21:38:26 [FINER] Post-initializing mod_MinecraftForge
2012-08-22 21:38:26 [FINE] Mod post-initialization complete
2012-08-22 21:38:26 [INFO] Forge Mod Loader load complete, 1 mods loaded
2012-08-22 21:38:27 [INFO] Registering world world, dimension 0, of providertype net.minecraft.server.WorldProviderNormal@317b1d64(0) with Minecraft Forge
2012-08-22 21:38:27 [INFO] Registering world world_the_end, dimension 1, of providertype net.minecraft.server.WorldProviderTheEnd@6d080876(0) with Minecraft Forge
2012-08-22 21:38:27 [INFO] Registering world world_nether, dimension -1, of providertype net.minecraft.server.WorldProviderHell@4ccd43ce(0) with Minecraft Forge
